生成启动时间为 2016/1/25 18:01:36。
     1>项目“E:\Layer\BruteForceSimulator\BruteForceSimulator\BruteForceSimulator.vcxproj”在节点 2 上(build 个目标)。
     1>InitializeBuildStatus:
         正在创建“Debug\BruteForceSimulator.unsuccessfulbuild”，因为已指定“AlwaysCreate”。
       ClCompile:
         D:\Program Files (x86)\Microsoft Visual Studio 10.0\VC\bin\CL.exe /c /ZI /nologo /W3 /WX- /Od /Oy- /D WIN32 /D _DEBUG /D _CONSOLE /D _UNICODE /D UNICODE /Gm /EHsc /RTC1 /MDd /GS /fp:precise /Zc:wchar_t /Zc:forScope /openmp /Fo"Debug\\" /Fd"Debug\vc100.pdb" /Gd /TP /analyze- /errorReport:prompt RayTracing.cpp
         RayTracing.cpp
     1>e:\layer\bruteforcesimulator\bruteforcesimulator\vector.h(123): warning C4244: “参数”: 从“double”转换到“float”，可能丢失数据
     1>e:\layer\bruteforcesimulator\bruteforcesimulator\vector.h(123): warning C4244: “参数”: 从“double”转换到“float”，可能丢失数据
     1>e:\layer\bruteforcesimulator\bruteforcesimulator\vector.h(123): warning C4244: “参数”: 从“double”转换到“float”，可能丢失数据
     1>e:\layer\bruteforcesimulator\bruteforcesimulator\vector.h(165): warning C4244: “return”: 从“double”转换到“float”，可能丢失数据
     1>e:\layer\bruteforcesimulator\bruteforcesimulator\ray.h(20): warning C4244: “=”: 从“double”转换到“float”，可能丢失数据
     1>e:\layer\bruteforcesimulator\bruteforcesimulator\fresnel.h(58): warning C4244: “参数”: 从“double”转换到“float”，可能丢失数据
     1>e:\layer\bruteforcesimulator\bruteforcesimulator\fresnel.h(60): warning C4244: “参数”: 从“double”转换到“float”，可能丢失数据
     1>e:\layer\bruteforcesimulator\bruteforcesimulator\fresnel.h(136): warning C4554: “&”: 检查运算符优先级可能存在的错误；使用圆括号阐明优先级
     1>e:\layer\bruteforcesimulator\bruteforcesimulator\fresnel.h(141): warning C4244: “参数”: 从“double”转换到“float”，可能丢失数据
     1>e:\layer\bruteforcesimulator\bruteforcesimulator\fresnel.h(151): warning C4244: “参数”: 从“double”转换到“float”，可能丢失数据
     1>e:\layer\bruteforcesimulator\bruteforcesimulator\fresnel.h(152): warning C4244: “参数”: 从“double”转换到“float”，可能丢失数据
     1>e:\layer\bruteforcesimulator\bruteforcesimulator\anisotropicsampler.h(39): warning C4244: “参数”: 从“double”转换到“float”，可能丢失数据
     1>e:\layer\bruteforcesimulator\bruteforcesimulator\anisotropicsampler.h(40): warning C4244: “参数”: 从“double”转换到“float”，可能丢失数据
     1>e:\layer\bruteforcesimulator\bruteforcesimulator\anisotropicsampler.h(41): warning C4244: “参数”: 从“double”转换到“float”，可能丢失数据
     1>e:\layer\bruteforcesimulator\bruteforcesimulator\anisotropicsampler.h(41): warning C4244: “参数”: 从“double”转换到“float”，可能丢失数据
     1>e:\layer\bruteforcesimulator\bruteforcesimulator\anisotropicsampler.h(43): warning C4244: “参数”: 从“double”转换到“float”，可能丢失数据
     1>e:\layer\bruteforcesimulator\bruteforcesimulator\anisotropicsampler.h(43): warning C4244: “参数”: 从“double”转换到“float”，可能丢失数据
     1>e:\layer\bruteforcesimulator\bruteforcesimulator\anisotropicsampler.h(76): warning C4244: “参数”: 从“double”转换到“float”，可能丢失数据
     1>e:\layer\bruteforcesimulator\bruteforcesimulator\anisotropicsampler.h(77): warning C4244: “参数”: 从“double”转换到“float”，可能丢失数据
     1>e:\layer\bruteforcesimulator\bruteforcesimulator\anisotropicsampler.h(77): warning C4244: “参数”: 从“double”转换到“float”，可能丢失数据
     1>e:\layer\bruteforcesimulator\bruteforcesimulator\anisotropicsampler.h(77): warning C4244: “参数”: 从“double”转换到“float”，可能丢失数据
       ManifestResourceCompile:
         所有输出均为最新。
       Link:
         D:\Program Files (x86)\Microsoft Visual Studio 10.0\VC\bin\link.exe /ERRORREPORT:PROMPT /OUT:"E:\Layer\BruteForceSimulator\Debug\BruteForceSimulator.exe" /INCREMENTAL /NOLOGO kernel32.lib user32.lib gdi32.lib winspool.lib comdlg32.lib advapi32.lib shell32.lib ole32.lib oleaut32.lib uuid.lib odbc32.lib odbccp32.lib /MANIFEST /ManifestFile:"Debug\BruteForceSimulator.exe.intermediate.manifest" /MANIFESTUAC:"level='asInvoker' uiAccess='false'" /DEBUG /PDB:"E:\Layer\BruteForceSimulator\Debug\BruteForceSimulator.pdb" /SUBSYSTEM:CONSOLE /TLBID:1 /DYNAMICBASE /NXCOMPAT /IMPLIB:"E:\Layer\BruteForceSimulator\Debug\BruteForceSimulator.lib" /MACHINE:X86 Debug\BruteForceSimulator.exe.embed.manifest.res
         Debug\BruteForceSimulator.obj
         Debug\main.obj
         Debug\Polarization.obj
         Debug\Ray.obj
         Debug\RayTracing.obj
         Debug\stdafx.obj
         Debug\Vector.obj
       Manifest:
         C:\Program Files (x86)\Microsoft SDKs\Windows\v7.0A\bin\mt.exe /nologo /verbose /out:"Debug\BruteForceSimulator.exe.embed.manifest" /manifest Debug\BruteForceSimulator.exe.intermediate.manifest
         所有输出均为最新。
       LinkEmbedManifest:
         所有输出均为最新。
         BruteForceSimulator.vcxproj -> E:\Layer\BruteForceSimulator\Debug\BruteForceSimulator.exe
       FinalizeBuildStatus:
         正在删除文件“Debug\BruteForceSimulator.unsuccessfulbuild”。
         正在对“Debug\BruteForceSimulator.lastbuildstate”执行 Touch 任务。
     1>已完成生成项目“E:\Layer\BruteForceSimulator\BruteForceSimulator\BruteForceSimulator.vcxproj”(build 个目标)的操作。

生成成功。

已用时间 00:00:07.48
